0 info it worked if it ends with ok
1 verbose cli [
1 verbose cli   'C:\\Program Files\\nodejs\\node.exe',
1 verbose cli   'C:\\Users\\Biel Díaz\\AppData\\Roaming\\npm\\node_modules\\npm\\bin\\npm-cli.js',
1 verbose cli   'run',
1 verbose cli   'watch'
1 verbose cli ]
2 info using npm@6.13.4
3 info using node@v12.19.0
4 verbose stack Error: Failed to parse json
4 verbose stack Unexpected token } in JSON at position 1150 while parsing near '...ue
4 verbose stack         }
4 verbose stack     ],
4 verbose stack }'
4 verbose stack     at parseError (C:\Users\Biel Díaz\AppData\Roaming\npm\node_modules\npm\node_modules\read-package-json\read-json.js:470:11)
4 verbose stack     at parseJson (C:\Users\Biel Díaz\AppData\Roaming\npm\node_modules\npm\node_modules\read-package-json\read-json.js:105:26)
4 verbose stack     at C:\Users\Biel Díaz\AppData\Roaming\npm\node_modules\npm\node_modules\read-package-json\read-json.js:52:5
4 verbose stack     at C:\Users\Biel Díaz\AppData\Roaming\npm\node_modules\npm\node_modules\graceful-fs\graceful-fs.js:115:16
4 verbose stack     at FSReqCallback.readFileAfterClose [as oncomplete] (internal/fs/read_file_context.js:63:3)
5 verbose cwd C:\xampp\htdocs\prubaTecnicaBielDiaz
6 verbose Windows_NT 10.0.18363
7 verbose argv "C:\\Program Files\\nodejs\\node.exe" "C:\\Users\\Biel Díaz\\AppData\\Roaming\\npm\\node_modules\\npm\\bin\\npm-cli.js" "run" "watch"
8 verbose node v12.19.0
9 verbose npm  v6.13.4
10 error code EJSONPARSE
11 error file C:\xampp\htdocs\prubaTecnicaBielDiaz\package.json
12 error JSON.parse Failed to parse json
12 error JSON.parse Unexpected token } in JSON at position 1150 while parsing near '...ue
12 error JSON.parse         }
12 error JSON.parse     ],
12 error JSON.parse }'
13 error JSON.parse Failed to parse package.json data.
13 error JSON.parse package.json must be actual JSON, not just JavaScript.
14 verbose exit [ 1, true ]
