0 info it worked if it ends with ok
1 verbose cli [
1 verbose cli   'C:\\Program Files\\nodejs\\node.exe',
1 verbose cli   'C:\\Users\\Biel Díaz\\AppData\\Roaming\\npm\\node_modules\\npm\\bin\\npm-cli.js',
1 verbose cli   'run',
1 verbose cli   'watch'
1 verbose cli ]
2 info using npm@6.13.4
3 info using node@v12.19.0
4 verbose run-script [ 'prewatch', 'watch', 'postwatch' ]
5 info lifecycle @~prewatch: @
6 info lifecycle @~watch: @
7 verbose lifecycle @~watch: unsafe-perm in lifecycle true
8 verbose lifecycle @~watch: PATH: C:\Users\Biel Díaz\AppData\Roaming\npm\node_modules\npm\node_modules\npm-lifecycle\node-gyp-bin;C:\xampp\htdocs\prubaTecnicaBielDiaz\node_modules\.bin;C:\Users\Biel Díaz\bin;C:\Program Files\Git\mingw64\bin;C:\Program Files\Git\usr\local\bin;C:\Program Files\Git\usr\bin;C:\Program Files\Git\usr\bin;C:\Program Files\Git\mingw64\bin;C:\Program Files\Git\usr\bin;C:\Users\Biel Díaz\bin;C:\Program Files (x86)\Common Files\Oracle\Java\javapath;C:\Windows\system32;C:\Windows;C:\Windows\System32\Wbem;C:\Windows\System32\WindowsPowerShell\v1.0;C:\Windows\System32\OpenSSH;C:\xampp\php;C:\Program Files\Git\cmd;C:\Program Files\Java\jdk1.8.0_231\bin;C:\Program Files\Microsoft SQL Server\130\Tools\Binn;C:\composer;C:\SDK\tools;C:\SDK\platform-tools;C:\gradle\gradle-6.1\bin;C:\Program Files (x86)\NVIDIA Corporation\PhysX\Common;C:\Program Files\NVIDIA Corporation\NVIDIA NvDLISR;C:\Program Files\nodejs;C:\Program Files\Symfony;C:\Users\Biel Díaz\AppData\Local\Microsoft\WindowsApps;C:\Users\Biel Díaz\AppData\Local\Programs\Microsoft VS Code\bin;C:\Users\Biel Díaz\AppData\Roaming\Composer\vendor\bin;C:\Program Files\apache-maven-3.6.2\bin;C:\Users\Biel Díaz\AppData\Roaming\npm;C:\Program Files\Git\usr\bin\vendor_perl;C:\Program Files\Git\usr\bin\core_perl
9 verbose lifecycle @~watch: CWD: C:\xampp\htdocs\prubaTecnicaBielDiaz
10 silly lifecycle @~watch: Args: [ '/d /s /c', 'encore dev --watch' ]
11 silly lifecycle @~watch: Returned: code: 1  signal: null
12 info lifecycle @~watch: Failed to exec watch script
13 verbose stack Error: @ watch: `encore dev --watch`
13 verbose stack Exit status 1
13 verbose stack     at EventEmitter.<anonymous> (C:\Users\Biel Díaz\AppData\Roaming\npm\node_modules\npm\node_modules\npm-lifecycle\index.js:332:16)
13 verbose stack     at EventEmitter.emit (events.js:314:20)
13 verbose stack     at ChildProcess.<anonymous> (C:\Users\Biel Díaz\AppData\Roaming\npm\node_modules\npm\node_modules\npm-lifecycle\lib\spawn.js:55:14)
13 verbose stack     at ChildProcess.emit (events.js:314:20)
13 verbose stack     at maybeClose (internal/child_process.js:1021:16)
13 verbose stack     at Process.ChildProcess._handle.onexit (internal/child_process.js:286:5)
14 verbose pkgid @
15 verbose cwd C:\xampp\htdocs\prubaTecnicaBielDiaz
16 verbose Windows_NT 10.0.18363
17 verbose argv "C:\\Program Files\\nodejs\\node.exe" "C:\\Users\\Biel Díaz\\AppData\\Roaming\\npm\\node_modules\\npm\\bin\\npm-cli.js" "run" "watch"
18 verbose node v12.19.0
19 verbose npm  v6.13.4
20 error code ELIFECYCLE
21 error errno 1
22 error @ watch: `encore dev --watch`
22 error Exit status 1
23 error Failed at the @ watch script.
23 error This is probably not a problem with npm. There is likely additional logging output above.
24 verbose exit [ 1, true ]
